d:\documents\visual studio 2015\projects\whamengine\whamengine\debug\whamengine.pch
d:\documents\visual studio 2015\projects\whamengine\whamengine\debug\vc140.pdb
d:\documents\visual studio 2015\projects\whamengine\whamengine\debug\vc140.idb
d:\documents\visual studio 2015\projects\whamengine\whamengine\debug\stdafx.obj
d:\documents\visual studio 2015\projects\whamengine\whamengine\debug\animclip.obj
d:\documents\visual studio 2015\projects\whamengine\whamengine\debug\bone.obj
d:\documents\visual studio 2015\projects\whamengine\whamengine\debug\node.obj
d:\documents\visual studio 2015\projects\whamengine\whamengine\debug\vertexboneinfo.obj
d:\documents\visual studio 2015\projects\whamengine\whamengine\debug\camera.obj
d:\documents\visual studio 2015\projects\whamengine\whamengine\debug\clock.obj
d:\documents\visual studio 2015\projects\whamengine\whamengine\debug\box.obj
d:\documents\visual studio 2015\projects\whamengine\whamengine\debug\entity.obj
d:\documents\visual studio 2015\projects\whamengine\whamengine\debug\geometry.obj
d:\documents\visual studio 2015\projects\whamengine\whamengine\debug\pyramid.obj
d:\documents\visual studio 2015\projects\whamengine\whamengine\debug\quad.obj
d:\documents\visual studio 2015\projects\whamengine\whamengine\debug\quadric.obj
d:\documents\visual studio 2015\projects\whamengine\whamengine\debug\trimesh.obj
d:\documents\visual studio 2015\projects\whamengine\whamengine\debug\hudtext.obj
d:\documents\visual studio 2015\projects\whamengine\whamengine\debug\color.obj
d:\documents\visual studio 2015\projects\whamengine\whamengine\debug\light.obj
d:\documents\visual studio 2015\projects\whamengine\whamengine\debug\scene.obj
d:\documents\visual studio 2015\projects\whamengine\whamengine\debug\spatial.obj
d:\documents\visual studio 2015\projects\whamengine\whamengine\debug\stateman.obj
d:\documents\visual studio 2015\projects\whamengine\whamengine\debug\whamengine.obj
d:\documents\visual studio 2015\projects\whamengine\whamengine\debug\forwardcommand.obj
d:\documents\visual studio 2015\projects\whamengine\whamengine\debug\inputman.obj
d:\documents\visual studio 2015\projects\whamengine\whamengine\debug\pitchcommand.obj
d:\documents\visual studio 2015\projects\whamengine\whamengine\debug\rightcommand.obj
d:\documents\visual studio 2015\projects\whamengine\whamengine\debug\rollcommand.obj
d:\documents\visual studio 2015\projects\whamengine\whamengine\debug\rotationcommand.obj
d:\documents\visual studio 2015\projects\whamengine\whamengine\debug\scalecommand.obj
d:\documents\visual studio 2015\projects\whamengine\whamengine\debug\setgravitycommand.obj
d:\documents\visual studio 2015\projects\whamengine\whamengine\debug\shootcommand.obj
d:\documents\visual studio 2015\projects\whamengine\whamengine\debug\translationcommand.obj
d:\documents\visual studio 2015\projects\whamengine\whamengine\debug\upcommand.obj
d:\documents\visual studio 2015\projects\whamengine\whamengine\debug\yawcommand.obj
d:\documents\visual studio 2015\projects\whamengine\whamengine\debug\math.obj
d:\documents\visual studio 2015\projects\whamengine\whamengine\debug\physicsman.obj
d:\documents\visual studio 2015\projects\whamengine\whamengine\debug\renderman.obj
d:\documents\visual studio 2015\projects\whamengine\whamengine\debug\loadedgeometry.obj
d:\documents\visual studio 2015\projects\whamengine\whamengine\debug\material.obj
d:\documents\visual studio 2015\projects\whamengine\whamengine\debug\resourceman.obj
d:\documents\visual studio 2015\projects\whamengine\whamengine\debug\texture.obj
d:\documents\visual studio 2015\projects\whamengine\whamengine\debug\animchannel.obj
d:\documents\visual studio 2015\projects\whamengine\debug\whamengine.ilk
d:\documents\visual studio 2015\projects\whamengine\debug\whamengine.exe
d:\documents\visual studio 2015\projects\whamengine\debug\whamengine.pdb
d:\documents\visual studio 2015\projects\whamengine\whamengine\debug\whamengine.res
d:\documents\visual studio 2015\projects\whamengine\whamengine\debug\whamengine.tlog\cl.command.1.tlog
d:\documents\visual studio 2015\projects\whamengine\whamengine\debug\whamengine.tlog\cl.read.1.tlog
d:\documents\visual studio 2015\projects\whamengine\whamengine\debug\whamengine.tlog\cl.write.1.tlog
d:\documents\visual studio 2015\projects\whamengine\whamengine\debug\whamengine.tlog\link.command.1.tlog
d:\documents\visual studio 2015\projects\whamengine\whamengine\debug\whamengine.tlog\link.read.1.tlog
d:\documents\visual studio 2015\projects\whamengine\whamengine\debug\whamengine.tlog\link.write.1.tlog
d:\documents\visual studio 2015\projects\whamengine\whamengine\debug\whamengine.tlog\rc.command.1.tlog
d:\documents\visual studio 2015\projects\whamengine\whamengine\debug\whamengine.tlog\rc.read.1.tlog
d:\documents\visual studio 2015\projects\whamengine\whamengine\debug\whamengine.tlog\rc.write.1.tlog
