d:\documents\visual studio 2015\projects\whamengine\whamengine\release\vc140.pdb
d:\documents\visual studio 2015\projects\whamengine\whamengine\release\whamengine.obj
d:\documents\visual studio 2015\projects\whamengine\whamengine\release\vertexboneinfo.obj
d:\documents\visual studio 2015\projects\whamengine\whamengine\release\trimesh.obj
d:\documents\visual studio 2015\projects\whamengine\whamengine\release\texture.obj
d:\documents\visual studio 2015\projects\whamengine\whamengine\release\spatial.obj
d:\documents\visual studio 2015\projects\whamengine\whamengine\release\node.obj
d:\documents\visual studio 2015\projects\whamengine\whamengine\release\material.obj
d:\documents\visual studio 2015\projects\whamengine\whamengine\release\loadedgeometry.obj
d:\documents\visual studio 2015\projects\whamengine\whamengine\release\geometry.obj
d:\documents\visual studio 2015\projects\whamengine\whamengine\release\bone.obj
d:\documents\visual studio 2015\projects\whamengine\whamengine\release\animclip.obj
d:\documents\visual studio 2015\projects\whamengine\whamengine\release\animchannel.obj
d:\documents\visual studio 2015\projects\whamengine\whamengine\release\resourceman.obj
d:\documents\visual studio 2015\projects\whamengine\whamengine\release\whamengine.pch
d:\documents\visual studio 2015\projects\whamengine\whamengine\release\stdafx.obj
d:\documents\visual studio 2015\projects\whamengine\whamengine\release\renderman.obj
d:\documents\visual studio 2015\projects\whamengine\whamengine\release\physicsman.obj
d:\documents\visual studio 2015\projects\whamengine\whamengine\release\math.obj
d:\documents\visual studio 2015\projects\whamengine\whamengine\release\yawcommand.obj
d:\documents\visual studio 2015\projects\whamengine\whamengine\release\upcommand.obj
d:\documents\visual studio 2015\projects\whamengine\whamengine\release\translationcommand.obj
d:\documents\visual studio 2015\projects\whamengine\whamengine\release\transformationcommand.obj
d:\documents\visual studio 2015\projects\whamengine\whamengine\release\shootcommand.obj
d:\documents\visual studio 2015\projects\whamengine\whamengine\release\setgravitycommand.obj
d:\documents\visual studio 2015\projects\whamengine\whamengine\release\scalecommand.obj
d:\documents\visual studio 2015\projects\whamengine\whamengine\release\rotationcommand.obj
d:\documents\visual studio 2015\projects\whamengine\whamengine\release\rollcommand.obj
d:\documents\visual studio 2015\projects\whamengine\whamengine\release\rightcommand.obj
d:\documents\visual studio 2015\projects\whamengine\whamengine\release\pitchcommand.obj
d:\documents\visual studio 2015\projects\whamengine\whamengine\release\inputman.obj
d:\documents\visual studio 2015\projects\whamengine\whamengine\release\forwardcommand.obj
d:\documents\visual studio 2015\projects\whamengine\whamengine\release\filesystemman.obj
d:\documents\visual studio 2015\projects\whamengine\whamengine\release\stateman.obj
d:\documents\visual studio 2015\projects\whamengine\whamengine\release\scene.obj
d:\documents\visual studio 2015\projects\whamengine\whamengine\release\light.obj
d:\documents\visual studio 2015\projects\whamengine\whamengine\release\color.obj
d:\documents\visual studio 2015\projects\whamengine\whamengine\release\hudtext.obj
d:\documents\visual studio 2015\projects\whamengine\whamengine\release\quadric.obj
d:\documents\visual studio 2015\projects\whamengine\whamengine\release\quad.obj
d:\documents\visual studio 2015\projects\whamengine\whamengine\release\pyramid.obj
d:\documents\visual studio 2015\projects\whamengine\whamengine\release\entity.obj
d:\documents\visual studio 2015\projects\whamengine\whamengine\release\box.obj
d:\documents\visual studio 2015\projects\whamengine\whamengine\release\clock.obj
d:\documents\visual studio 2015\projects\whamengine\whamengine\release\camera.obj
d:\documents\visual studio 2015\projects\whamengine\release\whamengine.exe
d:\documents\visual studio 2015\projects\whamengine\release\whamengine.ipdb
d:\documents\visual studio 2015\projects\whamengine\release\whamengine.iobj
d:\documents\visual studio 2015\projects\whamengine\release\whamengine.pdb
d:\documents\visual studio 2015\projects\whamengine\whamengine\release\whamengine.res
d:\documents\visual studio 2015\projects\whamengine\whamengine\release\whamengine.tlog\cl.command.1.tlog
d:\documents\visual studio 2015\projects\whamengine\whamengine\release\whamengine.tlog\cl.read.1.tlog
d:\documents\visual studio 2015\projects\whamengine\whamengine\release\whamengine.tlog\cl.write.1.tlog
d:\documents\visual studio 2015\projects\whamengine\whamengine\release\whamengine.tlog\link.command.1.tlog
d:\documents\visual studio 2015\projects\whamengine\whamengine\release\whamengine.tlog\link.read.1.tlog
d:\documents\visual studio 2015\projects\whamengine\whamengine\release\whamengine.tlog\link.write.1.tlog
d:\documents\visual studio 2015\projects\whamengine\whamengine\release\whamengine.tlog\rc.command.1.tlog
d:\documents\visual studio 2015\projects\whamengine\whamengine\release\whamengine.tlog\rc.read.1.tlog
d:\documents\visual studio 2015\projects\whamengine\whamengine\release\whamengine.tlog\rc.write.1.tlog
