Build started 10/9/2015 3:20:22 AM.
     1>Project "D:\Documents\Visual Studio 2015\Projects\WhamEngine\WhamEngine\WhamEngine.vcxproj" on node 2 (Build target(s)).
     1>Link:
         WhamEngine.vcxproj -> D:\Documents\Visual Studio 2015\Projects\WhamEngine\Release\WhamEngine.exe
       PostBuildEvent:
         xcopy /y "D:\Documents\Visual Studio 2015\Projects\WhamEngine\dlls\*.dll" "D:\Documents\Visual Studio 2015\Projects\WhamEngine\Release\"
         xcopy /y "D:\Documents\Visual Studio 2015\Projects\WhamEngine\assets\*.*" "D:\Documents\Visual Studio 2015\Projects\WhamEngine\Release\"
         :VCEnd
         D:\Documents\Visual Studio 2015\Projects\WhamEngine\dlls\Assimp32.dll
         D:\Documents\Visual Studio 2015\Projects\WhamEngine\dlls\Assimp32d.dll
         D:\Documents\Visual Studio 2015\Projects\WhamEngine\dlls\freeglut.dll
         3 File(s) copied
         D:\Documents\Visual Studio 2015\Projects\WhamEngine\assets\ball.bmp
         D:\Documents\Visual Studio 2015\Projects\WhamEngine\assets\bball.bmp
         D:\Documents\Visual Studio 2015\Projects\WhamEngine\assets\blank.bmp
         D:\Documents\Visual Studio 2015\Projects\WhamEngine\assets\boblampclean.md5anim
         D:\Documents\Visual Studio 2015\Projects\WhamEngine\assets\boblampclean.md5mesh
         D:\Documents\Visual Studio 2015\Projects\WhamEngine\assets\box.bmp
         D:\Documents\Visual Studio 2015\Projects\WhamEngine\assets\brick.bmp
         D:\Documents\Visual Studio 2015\Projects\WhamEngine\assets\carpet.bmp
         D:\Documents\Visual Studio 2015\Projects\WhamEngine\assets\eyeball.bmp
         D:\Documents\Visual Studio 2015\Projects\WhamEngine\assets\guard1_body.bmp
         D:\Documents\Visual Studio 2015\Projects\WhamEngine\assets\guard1_face.bmp
         D:\Documents\Visual Studio 2015\Projects\WhamEngine\assets\guard1_helmet.bmp
         D:\Documents\Visual Studio 2015\Projects\WhamEngine\assets\iron_grill.bmp
         D:\Documents\Visual Studio 2015\Projects\WhamEngine\assets\mountain.bmp
         D:\Documents\Visual Studio 2015\Projects\WhamEngine\assets\round_grill.bmp
         D:\Documents\Visual Studio 2015\Projects\WhamEngine\assets\Sinbad.3ds
         D:\Documents\Visual Studio 2015\Projects\WhamEngine\assets\sinbad_body.bmp
         D:\Documents\Visual Studio 2015\Projects\WhamEngine\assets\sinbad_cloth.bmp
         D:\Documents\Visual Studio 2015\Projects\WhamEngine\assets\sinbad_sword.bmp
         D:\Documents\Visual Studio 2015\Projects\WhamEngine\assets\sky.bmp
         D:\Documents\Visual Studio 2015\Projects\WhamEngine\assets\TestRoom.xml
         D:\Documents\Visual Studio 2015\Projects\WhamEngine\assets\texture.bmp
         D:\Documents\Visual Studio 2015\Projects\WhamEngine\assets\wall.bmp
         D:\Documents\Visual Studio 2015\Projects\WhamEngine\assets\wallpic.bmp
         24 File(s) copied
     1>Done Building Project "D:\Documents\Visual Studio 2015\Projects\WhamEngine\WhamEngine\WhamEngine.vcxproj" (Build target(s)).

Build succeeded.

Time Elapsed 00:00:00.90
